Unity Editor version:    2020.3.17f1 (a4537701e4ab)
Branch:                  2020.3/staging
Build type:              Release
Batch mode:              YES
macOS version:           Version 11.3 (Build 20E232)
Darwin version:          20.4.0
Architecture:            x86_64
Running under Rosetta:   NO
Available memory:        16384 MB
Using pre-set license
Pro License: NO

COMMAND LINE ARGUMENTS:
/Applications/Unity/2020.3.17f1/Unity.app/Contents/MacOS/Unity
-adb2
-batchMode
-noUpm
-name
AssetImportWorker0
-projectPath
/Users/ons.taktak/Desktop/Alternate realities/HelloUnityRepo/Materials and Lighting
-logFile
Logs/AssetImportWorker0.log
-srvPort
54162
Successfully changed project path to: /Users/ons.taktak/Desktop/Alternate realities/HelloUnityRepo/Materials and Lighting
/Users/ons.taktak/Desktop/Alternate realities/HelloUnityRepo/Materials and Lighting
Using Asset Import Pipeline V2.
Refreshing native plugins compatible for Editor in 75.05 ms, found 2 plugins.
Preloading 0 native plugins for Editor in 0.00 ms.
Initialize engine version: 2020.3.17f1 (a4537701e4ab)
[Subsystems] Discovering subsystems at path /Applications/Unity/2020.3.17f1/Unity.app/Contents/Resources/UnitySubsystems
[Subsystems] Discovering subsystems at path /Users/ons.taktak/Desktop/Alternate realities/HelloUnityRepo/Materials and Lighting/Assets
GfxDevice: creating device client; threaded=0
2021-09-15 11:19:09.074 Unity[6047:394572] Color LCD preferred device: Intel(R) Iris(TM) Plus Graphics (low power)
2021-09-15 11:19:09.074 Unity[6047:394572] Metal devices available: 1
2021-09-15 11:19:09.074 Unity[6047:394572] 0: Intel(R) Iris(TM) Plus Graphics (low power)
2021-09-15 11:19:09.074 Unity[6047:394572] Using device Intel(R) Iris(TM) Plus Graphics (low power)
Initializing Metal device caps: Intel(R) Iris(TM) Plus Graphics
Initialize mono
Mono path[0] = '/Applications/Unity/2020.3.17f1/Unity.app/Contents/Managed'
Mono path[1] = '/Applications/Unity/2020.3.17f1/Unity.app/Contents/MonoBleedingEdge/lib/mono/unityjit'
Mono config path = '/Applications/Unity/2020.3.17f1/Unity.app/Contents/MonoBleedingEdge/etc'
Using monoOptions --debugger-agent=transport=dt_socket,embedding=1,server=y,suspend=n,address=127.0.0.1:56047
Begin MonoManager ReloadAssembly
Registering precompiled unity dll's ...
Register platform support module: /Applications/Unity/2020.3.17f1/Unity.app/Contents/PlaybackEngines/MacStandaloneSupport/UnityEditor.OSXStandalone.Extensions.dll
Register platform support module: /Applications/Unity/2020.3.17f1/PlaybackEngines/WindowsStandaloneSupport/UnityEditor.WindowsStandalone.Extensions.dll
Registered in 0.003853 seconds.
Native extension for WindowsStandalone target not found
Native extension for OSXStandalone target not found
Refreshing native plugins compatible for Editor in 101.95 ms, found 2 plugins.
Preloading 0 native plugins for Editor in 0.00 ms.
Mono: successfully reloaded assembly
- Completed reload, in  4.309 seconds
Domain Reload Profiling:
	ReloadAssembly (4309ms)
		BeginReloadAssembly (57ms)
			ExecutionOrderSort (0ms)
			DisableScriptedObjects (0ms)
			BackupInstance (0ms)
			ReleaseScriptingObjects (0ms)
			CreateAndSetChildDomain (1ms)
		EndReloadAssembly (667ms)
			LoadAssemblies (59ms)
			RebuildTransferFunctionScriptingTraits (0ms)
			SetupTypeCache (227ms)
			ReleaseScriptCaches (0ms)
			RebuildScriptCaches (51ms)
			SetupLoadedEditorAssemblies (317ms)
				LogAssemblyErrors (0ms)
				InitializePlatformSupportModulesInManaged (5ms)
				SetLoadedEditorAssemblies (0ms)
				RefreshPlugins (102ms)
				BeforeProcessingInitializeOnLoad (53ms)
				ProcessInitializeOnLoadAttributes (120ms)
				ProcessInitializeOnLoadMethodAttributes (36ms)
				AfterProcessingInitializeOnLoad (0ms)
				EditorAssembliesLoaded (0ms)
			ExecutionOrderSort2 (0ms)
			AwakeInstancesAfterBackupRestoration (0ms)
Platform modules already initialized, skipping
Registering precompiled user dll's ...
Registered in 0.011799 seconds.
Begin MonoManager ReloadAssembly
Native extension for WindowsStandalone target not found
Native extension for OSXStandalone target not found
Refreshing native plugins compatible for Editor in 73.56 ms, found 2 plugins.
Preloading 0 native plugins for Editor in 0.00 ms.
Mono: successfully reloaded assembly
- Completed reload, in  1.831 seconds
Domain Reload Profiling:
	ReloadAssembly (1835ms)
		BeginReloadAssembly (193ms)
			ExecutionOrderSort (0ms)
			DisableScriptedObjects (5ms)
			BackupInstance (0ms)
			ReleaseScriptingObjects (0ms)
			CreateAndSetChildDomain (41ms)
		EndReloadAssembly (1556ms)
			LoadAssemblies (149ms)
			RebuildTransferFunctionScriptingTraits (0ms)
			SetupTypeCache (490ms)
			ReleaseScriptCaches (1ms)
			RebuildScriptCaches (82ms)
			SetupLoadedEditorAssemblies (673ms)
				LogAssemblyErrors (0ms)
				InitializePlatformSupportModulesInManaged (6ms)
				SetLoadedEditorAssemblies (0ms)
				RefreshPlugins (74ms)
				BeforeProcessingInitializeOnLoad (113ms)
				ProcessInitializeOnLoadAttributes (472ms)
				ProcessInitializeOnLoadMethodAttributes (6ms)
				AfterProcessingInitializeOnLoad (2ms)
				EditorAssembliesLoaded (0ms)
			ExecutionOrderSort2 (0ms)
			AwakeInstancesAfterBackupRestoration (8ms)
Platform modules already initialized, skipping
Validating Project structure ... 0.021142 seconds.
Shader import version has changed; will reimport all shaders...
Upgrading shader files ...0.006430 seconds.
Application.AssetDatabase Initial Script Refresh Start
RefreshInfo: InitialScriptRefreshV2(NoUpdateAssetOptions) scanfilter:  ... 1 filters
RefreshProfiler: Total: 0.000ms
Application.AssetDatabase Initial Script Refresh End
Application.AssetDatabase.Refresh Start
Application.AssetDatabase.Refresh End
RefreshInfo: StopAssetImportingV2(ForceSynchronousImport) scanfilter: 
RefreshProfiler: Total: 0.000ms
Launching external process: /Applications/Unity/2020.3.17f1/Unity.app/Contents/Tools/UnityShaderCompiler
Launched and connected shader compiler UnityShaderCompiler after 0.03 seconds
Initializing Unity extensions:
========================================================================
Worker process is ready to serve import requests
Refreshing native plugins compatible for Editor in 0.51 ms, found 2 plugins.
Preloading 0 native plugins for Editor in 0.00 ms.
Unloading 3110 Unused Serialized files (Serialized files now loaded: 0)
System memory in use before: 263.3 MB.
System memory in use after: 263.1 MB.

Unloading 134 unused Assets to reduce memory usage. Loaded Objects now: 3584.
Total: 4.144697 ms (FindLiveObjects: 0.281033 ms CreateObjectMapping: 0.103002 ms MarkObjects: 3.468980 ms  DeleteObjects: 0.290304 ms)

AssetImportParameters requested are different than current active one (requested -> active):
  custom:video-decoder-ogg-theora: a1e56fd34408186e4bbccfd4996cb3dc -> 
  custom:container-muxer-webm: aa71ff27fc2769a1b78a27578f13a17b -> 
  custom:container-demuxer-webm: 4f35f7cbe854078d1ac9338744f61a02 -> 
  custom:container-demuxer-ogg: 62fdf1f143b41e24485cea50d1cbac27 -> 
  custom:video-encoder-webm-vp8: eb34c28f22e8b96e1ab97ce403110664 -> 
  custom:framework-osx-AVFoundation: e770b220cccbd017edd2c1fefb359320 -> 
  custom:video-decoder-webm-vp8: 9c59270c3fd7afecdb556c50c9e8de78 -> 
  custom:audio-decoder-ogg-vorbis: bf7c407c2cedff20999df2af8eb42d56 -> 
  custom:audio-encoder-webm-vorbis: bf7c407c2cedff20999df2af8eb42d56 -> 
========================================================================
Received Import Request.
  path: Assets/AtmosphericHouse/Prefabs/Props/Furniture/Table_A.prefab
  artifactKey: Guid(7f41683910be16547ae8b5757fa4e791) Importer(815301076,1909f56bfc062723c751e8b465ee728b)
Start importing Assets/AtmosphericHouse/Prefabs/Props/Furniture/Table_A.prefab using Guid(7f41683910be16547ae8b5757fa4e791) Importer(815301076,1909f56bfc062723c751e8b465ee728b)  -> (artifact id: '2e65d15ba4ce3cf289761f80d1fe3324') in 1.332177 seconds 
  Import took 1.342926 seconds .

========================================================================
Received Import Request.
  Time since last request: 0.002897 seconds.
  path: Assets/AtmosphericHouse/Prefabs/Props/Furniture/Workdesk_extension.prefab
  artifactKey: Guid(73f65b7a11354234f92177e3193e0e01) Importer(815301076,1909f56bfc062723c751e8b465ee728b)
Start importing Assets/AtmosphericHouse/Prefabs/Props/Furniture/Workdesk_extension.prefab using Guid(73f65b7a11354234f92177e3193e0e01) Importer(815301076,1909f56bfc062723c751e8b465ee728b)  -> (artifact id: '4c1d40b211e307fb43db216ea7dd9626') in 0.051728 seconds 
  Import took 0.061182 seconds .

========================================================================
Received Import Request.
  Time since last request: 0.000525 seconds.
  path: Assets/AtmosphericHouse/Prefabs/Props/Furniture/Sofa_2seat.prefab
  artifactKey: Guid(1180dca2ecafdae4582560550af1c4e1) Importer(815301076,1909f56bfc062723c751e8b465ee728b)
Start importing Assets/AtmosphericHouse/Prefabs/Props/Furniture/Sofa_2seat.prefab using Guid(1180dca2ecafdae4582560550af1c4e1) Importer(815301076,1909f56bfc062723c751e8b465ee728b)  -> (artifact id: '48b254cb7654f4a369ceabc8142a7e4c') in 0.065833 seconds 
  Import took 0.073191 seconds .

========================================================================
Received Import Request.
  Time since last request: 0.000327 seconds.
  path: Assets/AtmosphericHouse/Prefabs/Props/Furniture/Bookcase_B.prefab
  artifactKey: Guid(72698ba53930b834099f798d6448f0d0) Importer(815301076,1909f56bfc062723c751e8b465ee728b)
Start importing Assets/AtmosphericHouse/Prefabs/Props/Furniture/Bookcase_B.prefab using Guid(72698ba53930b834099f798d6448f0d0) Importer(815301076,1909f56bfc062723c751e8b465ee728b)  -> (artifact id: '3505e1a00c93116229aba34da433d49e') in 0.028712 seconds 
  Import took 0.036991 seconds .

========================================================================
Received Import Request.
  Time since last request: 0.000521 seconds.
  path: Assets/AtmosphericHouse/Prefabs/Props/Furniture/Side_table_C_drawer_parent.prefab
  artifactKey: Guid(46eae614a212c3047a5cdc45fcf7a4ed) Importer(815301076,1909f56bfc062723c751e8b465ee728b)
Start importing Assets/AtmosphericHouse/Prefabs/Props/Furniture/Side_table_C_drawer_parent.prefab using Guid(46eae614a212c3047a5cdc45fcf7a4ed) Importer(815301076,1909f56bfc062723c751e8b465ee728b)  -> (artifact id: '007f518783f510a1377c230f7849e1c7') in 0.040730 seconds 
  Import took 0.048975 seconds .

========================================================================
Received Import Request.
  Time since last request: 0.000405 seconds.
  path: Assets/AtmosphericHouse/Prefabs/Props/Furniture/Chair_wooden.prefab
  artifactKey: Guid(482e03448ead48d448b3bad3961323ae) Importer(815301076,1909f56bfc062723c751e8b465ee728b)
Start importing Assets/AtmosphericHouse/Prefabs/Props/Furniture/Chair_wooden.prefab using Guid(482e03448ead48d448b3bad3961323ae) Importer(815301076,1909f56bfc062723c751e8b465ee728b)  -> (artifact id: '539002a8c9711ae60d0a80889f6863a9') in 0.039834 seconds 
  Import took 0.047950 seconds .

========================================================================
Received Import Request.
  Time since last request: 0.000425 seconds.
  path: Assets/AtmosphericHouse/Prefabs/Props/Furniture/Sofa_3seat.prefab
  artifactKey: Guid(48504d60314f8af43a16bfd340b52575) Importer(815301076,1909f56bfc062723c751e8b465ee728b)
Start importing Assets/AtmosphericHouse/Prefabs/Props/Furniture/Sofa_3seat.prefab using Guid(48504d60314f8af43a16bfd340b52575) Importer(815301076,1909f56bfc062723c751e8b465ee728b)  -> (artifact id: '3a70328affc6ce2458cad692a609092b') in 0.028913 seconds 
  Import took 0.037963 seconds .

========================================================================
Received Import Request.
  Time since last request: 0.000467 seconds.
  path: Assets/AtmosphericHouse/Prefabs/Props/Furniture/Side_table_C.prefab
  artifactKey: Guid(d90c2e8d3b84b744ab7adcc611797e58) Importer(815301076,1909f56bfc062723c751e8b465ee728b)
Start importing Assets/AtmosphericHouse/Prefabs/Props/Furniture/Side_table_C.prefab using Guid(d90c2e8d3b84b744ab7adcc611797e58) Importer(815301076,1909f56bfc062723c751e8b465ee728b)  -> (artifact id: 'e39818955723efe02fd14ae85ca5286e') in 0.034895 seconds 
  Import took 0.044090 seconds .

========================================================================
Received Import Request.
  Time since last request: 0.000298 seconds.
  path: Assets/AtmosphericHouse/Prefabs/Props/Furniture/Sofa_1seat.prefab
  artifactKey: Guid(9e18487d4f889d940a703ba5e9894e08) Importer(815301076,1909f56bfc062723c751e8b465ee728b)
Start importing Assets/AtmosphericHouse/Prefabs/Props/Furniture/Sofa_1seat.prefab using Guid(9e18487d4f889d940a703ba5e9894e08) Importer(815301076,1909f56bfc062723c751e8b465ee728b)  -> (artifact id: '00b1cb5c154634b059f3eab1562138f4') in 0.027352 seconds 
  Import took 0.036251 seconds .

========================================================================
Received Import Request.
  Time since last request: 0.000628 seconds.
  path: Assets/AtmosphericHouse/Prefabs/Props/Furniture/Table_coffee.prefab
  artifactKey: Guid(2b4caeb621658e145910e5d4912efcbe) Importer(815301076,1909f56bfc062723c751e8b465ee728b)
Start importing Assets/AtmosphericHouse/Prefabs/Props/Furniture/Table_coffee.prefab using Guid(2b4caeb621658e145910e5d4912efcbe) Importer(815301076,1909f56bfc062723c751e8b465ee728b)  -> (artifact id: '8540099a168dcc16e3301848a226c0e0') in 0.030804 seconds 
  Import took 0.041667 seconds .

AssetImportWorkerClient::OnTransportError - code=2 error=End of file
